<?xml version="1.0" encoding="UTF-8"?>
<!-- Generated by org.testng.reporters.JUnitXMLReporter -->
<testsuite hostname="Peerbadshah-3.local" ignored="0" name="Test-class test 1" tests="3" failures="0" timestamp="12 Sep 2020 16:24:33 GMT" time="31.776" errors="0">
  <testcase name="forget_password" time="14.898" classname="Test.LibraryTest"/>
  <testcase name="register_user" time="5.437" classname="Test.LibraryTest"/>
  <testcase name="successful_Login" time="3.199" classname="Test.LibraryTest"/>
</testsuite> <!-- Test-class test 1 -->
