<?xml version="1.0" encoding="UTF-8"?>
<!-- Generated by org.testng.reporters.JUnitReportReporter -->
<testsuite skipped="0" hostname="Peerbadshah-3.local" name="Test.LibraryTest" tests="3" failures="0" timestamp="12 Sep 2020 16:24:34 GMT" time="23.534" errors="0">
  <testcase name="register_user" time="5.437" classname="Test.LibraryTest"/>
  <testcase name="forget_password" time="14.898" classname="Test.LibraryTest"/>
  <testcase name="successful_Login" time="3.199" classname="Test.LibraryTest"/>
</testsuite> <!-- Test.LibraryTest -->
