<?xml version="1.0" encoding="UTF-8"?>
<!-- Generated by org.testng.reporters.JUnitXMLReporter -->
<testsuite hostname="Peerbadshah-3.local" ignored="0" name="Test-class test 1" tests="3" failures="0" timestamp="08 May 2020 12:00:33 GMT" time="80.06" errors="0">
  <testcase name="testFreeTrial" time="57.401" classname="Test.LibraryTest"/>
  <testcase name="fetauretest" time="5.931" classname="Test.LibraryTest"/>
  <testcase name="contactUs" time="12.076" classname="Test.LibraryTest"/>
</testsuite> <!-- Test-class test 1 -->
